mode: set
_/Users/vince/code/go/src/aoc/day4/day4.go:10.63,13.33 3 1
_/Users/vince/code/go/src/aoc/day4/day4.go:19.2,19.12 1 1
_/Users/vince/code/go/src/aoc/day4/day4.go:13.33,15.13 2 1
_/Users/vince/code/go/src/aoc/day4/day4.go:15.13,17.4 1 1
_/Users/vince/code/go/src/aoc/day4/day4.go:22.72,23.34 1 1
_/Users/vince/code/go/src/aoc/day4/day4.go:23.34,26.30 3 1
_/Users/vince/code/go/src/aoc/day4/day4.go:33.3,33.14 1 1
_/Users/vince/code/go/src/aoc/day4/day4.go:26.30,28.29 2 1
_/Users/vince/code/go/src/aoc/day4/day4.go:31.4,31.20 1 1
_/Users/vince/code/go/src/aoc/day4/day4.go:28.29,30.5 1 1
_/Users/vince/code/go/src/aoc/day4/day4.go:37.30,38.55 1 1
_/Users/vince/code/go/src/aoc/day4/day4.go:38.55,40.3 1 1
_/Users/vince/code/go/src/aoc/day4/day4.go:43.30,44.55 1 1
_/Users/vince/code/go/src/aoc/day4/day4.go:44.55,48.3 3 1
